           _________________________________________________________
          |                                                         |
          |       _/_/_/_/                                          |
          |      _/      _/                  _/_/_/_/_/_/           |
          |     _/      _/  _/      _/   _/      _/      _/_/_/_/_/ |
          |    _/_/_/_/    _/      _/   _/      _/      _/          |
          |   _/          _/_/_/_/_/   _/      _/       _/_/_/_/    |
          |  _/          _/      _/   _/      _/              _/    |
          | _/          _/      _/   _/      _/      _/_/_/_/_/     |
          |                                                         |
          |                                                         |
          |       Particle and Heavy Ion Transport code System      |
          |                      Version =  3.341                   |
          |                       developed by                      |
          |                                                         |
          |  Tatsuhiko SATO, Yosuke IWAMOTO, Shintaro HASHIMOTO,    |
          |    Tatsuhiko OGAWA, Takuya FURUTA, Shinichiro ABE,      |
          |    Takeshi KAI, Norihiro MATSUDA, Yusuke MATSUYA,       |
          |      Yuho HIRATA, Takuya SEKIKAWA, Pi-En TSAI,          |
          |                Hunter RATLIFF (JAEA),                   |
          |                                                         |
          |  Hiroshi IWASE, Yasuhito SAKAKI, Kenta SUGIHARA (KEK),  |
          |                                                         |
          |           Nobuhiro SHIGYO (Kyushu University),          |
          |                                                         |
          |      Lembit SIHVER (Technische Universitat Wien), and   |
          |                                                         |
          |                     Koji NIITA (RIST)                   |
          |                                                         |
          |                 Last Revised  2024-04-23                |
          |_________________________________________________________|

                           ____ [ Job Title ] __ 
                          |                     |
                          |  Aluminum at 60KeV  |
                          |_____________________|

                        Starting Date = 2025-03-19
                        Starting Time = 10h 42m 02

>>> Input Echo >>>=============================================================

[ Title ]
Aluminum at 60KeV

[ Parameters ]
 icntl    =           0     # (D=0) 3:ECH 5:NOR 6:SRC 7,8:GSH 11:DSH 12:DUMP
 maxcas   =     1000000     # (D=10) number of particles per one batch
 maxbch   =          10     # (D=10) number of batches

[ Source ]
  totfact =   1.0000        # (D=1.0) global factor
   s-type =   2             # rectangular-solid source
     proj =  photon         # kind of incident particle         
       e0 =  6.00000E-02    # energy of beam [MeV/n]
       x0 =   0.0000        # minimum position of x-axis [cm]
       x1 =   12.000        # maximum position of x-axis [cm]
       y0 =   1.5000        # minimum position of y-axis [cm]
       y1 =   3.0000        # maximum position of y-axis [cm]
       z0 =  -20.000        # minimum position of z-axis [cm]
       z1 =  -19.900        # maximum position of z-axis [cm]
      dir =   1.0000        # z-direction of beam [cosine]
      phi =   0.0000        # azimuthal angle of beam [degree]
      dom =   0.0000        # spread of beam direction [degree]

[ Material ]
MAT[ 1 ] 
          14N         8.0000000E+00
          16O         2.0000000E+00
MAT[ 2 ] 
           Al         1.0000000E+00

[ Cell ]
 100         1 -1.2300000E-03  -9 #102 #103 #104 #105 #106 #107 #108
                              #109 #110 #111 #112 #113 #114 #115 #116
                              #117 #118 #119 #120 #121 #122 #123 #124
                              #125 
 101        -1                 9 
 102         2 -2.7000000E+00  -10 
 103         2 -2.7000000E+00  -11 
 104         2 -2.7000000E+00  -12 
 105         2 -2.7000000E+00  -13 
 106         2 -2.7000000E+00  -14 
 107         2 -2.7000000E+00  -15 
 108         2 -2.7000000E+00  -16 
 109         2 -2.7000000E+00  -17 
 110         1 -1.2300000E-03  -18 
 111         1 -1.2300000E-03  -19 
 112         1 -1.2300000E-03  -20 
 113         1 -1.2300000E-03  -21 
 114         1 -1.2300000E-03  -22 
 115         1 -1.2300000E-03  -23 
 116         1 -1.2300000E-03  -24 
 117         1 -1.2300000E-03  -25 
 118         1 -1.2300000E-03  -26 
 119         1 -1.2300000E-03  -27 
 120         1 -1.2300000E-03  -28 
 121         1 -1.2300000E-03  -29 
 122         1 -1.2300000E-03  -30 
 123         1 -1.2300000E-03  -31 
 124         1 -1.2300000E-03  -32 
 125         1 -1.2300000E-03  -33 

[ Surface ]
 9             rpp  -1.0000000E+02  1.0000000E+02 -1.0000000E+02
                     1.0000000E+02 -1.0000000E+02  1.0000000E+02
 10            rpp   0.0000000E+00  1.5000000E+00  1.5000000E+00
                     3.0000000E+00  0.0000000E+00  1.0000000E-01
 11            rpp   1.5000000E+00  3.0000000E+00  1.5000000E+00
                     3.0000000E+00  0.0000000E+00  2.0000000E-01
 12            rpp   3.0000000E+00  4.5000000E+00  1.5000000E+00
                     3.0000000E+00  0.0000000E+00  3.0000000E-01
 13            rpp   4.5000000E+00  6.0000000E+00  1.5000000E+00
                     3.0000000E+00  0.0000000E+00  4.0000000E-01
 14            rpp   6.0000000E+00  7.5000000E+00  1.5000000E+00
                     3.0000000E+00  0.0000000E+00  5.0000000E-01
 15            rpp   7.5000000E+00  9.0000000E+00  1.5000000E+00
                     3.0000000E+00  0.0000000E+00  6.0000000E-01
 16            rpp   9.0000000E+00  1.0500000E+01  1.5000000E+00
                     3.0000000E+00  0.0000000E+00  7.0000000E-01
 17            rpp   1.0500000E+01  1.2000000E+01  1.5000000E+00
                     3.0000000E+00  0.0000000E+00  8.0000000E-01
 18            rpp   0.0000000E+00  1.5000000E+00  1.5000000E+00
                     3.0000000E+00 -1.0000000E-01  0.0000000E+00
 19            rpp   1.5000000E+00  3.0000000E+00  1.5000000E+00
                     3.0000000E+00 -1.0000000E-01  0.0000000E+00
 20            rpp   3.0000000E+00  4.5000000E+00  1.5000000E+00
                     3.0000000E+00 -1.0000000E-01  0.0000000E+00
 21            rpp   4.5000000E+00  6.0000000E+00  1.5000000E+00
                     3.0000000E+00 -1.0000000E-01  0.0000000E+00
 22            rpp   6.0000000E+00  7.5000000E+00  1.5000000E+00
                     3.0000000E+00 -1.0000000E-01  0.0000000E+00
 23            rpp   7.5000000E+00  9.0000000E+00  1.5000000E+00
                     3.0000000E+00 -1.0000000E-01  0.0000000E+00
 24            rpp   9.0000000E+00  1.0500000E+01  1.5000000E+00
                     3.0000000E+00 -1.0000000E-01  0.0000000E+00
 25            rpp   1.0500000E+01  1.2000000E+01  1.5000000E+00
                     3.0000000E+00 -1.0000000E-01  0.0000000E+00
 26            rpp   0.0000000E+00  1.5000000E+00  1.5000000E+00
                     3.0000000E+00  1.0000000E-01  2.0000000E-01
 27            rpp   1.5000000E+00  3.0000000E+00  1.5000000E+00
                     3.0000000E+00  2.0000000E-01  3.0000000E-01
 28            rpp   3.0000000E+00  4.5000000E+00  1.5000000E+00
                     3.0000000E+00  3.0000000E-01  4.0000000E-01
 29            rpp   4.5000000E+00  6.0000000E+00  1.5000000E+00
                     3.0000000E+00  4.0000000E-01  5.0000000E-01
 30            rpp   6.0000000E+00  7.5000000E+00  1.5000000E+00
                     3.0000000E+00  5.0000000E-01  6.0000000E-01
 31            rpp   7.5000000E+00  9.0000000E+00  1.5000000E+00
                     3.0000000E+00  6.0000000E-01  7.0000000E-01
 32            rpp   9.0000000E+00  1.0500000E+01  1.5000000E+00
                     3.0000000E+00  7.0000000E-01  8.0000000E-01
 33            rpp   1.0500000E+01  1.2000000E+01  1.5000000E+00
                     3.0000000E+00  8.0000000E-01  9.0000000E-01

[ Mat Name Color ]
   mat   name     size           color   # HSB color value
     0   void     1.00       lightgray   # { -0.800  1.000  1.000 }
     1    Air     1.00      pastelblue   # {  0.250  0.400  1.000 }
     2     Al     1.00     yellowgreen   # {  0.700  1.000  1.000 }

[ T-Track ]
    title = Aluminum at 60KeV
     mesh =  xyz            # mesh type is xyz scoring mesh
   x-type =    2            # x-mesh is linear given by xmin, xmax and nx
     xmin =   0.000000      # minimum value of x-mesh points
     xmax =   12.00000      # maximum value of x-mesh points
#    xdel =  6.0000000E-02  # mesh width of x-mesh points
       nx =    200          # number of x-mesh points
#    data = ( x(i), i = 1, nx + 1 )
#           0.00000E+00  6.00000E-02  1.20000E-01  1.80000E-01  2.40000E-01
#           3.00000E-01  3.60000E-01  4.20000E-01  4.80000E-01  5.40000E-01
#           6.00000E-01  6.60000E-01  7.20000E-01  7.80000E-01  8.40000E-01
#           9.00000E-01  9.60000E-01  1.02000E+00  1.08000E+00  1.14000E+00
#           1.20000E+00  1.26000E+00  1.32000E+00  1.38000E+00  1.44000E+00
#           1.50000E+00  1.56000E+00  1.62000E+00  1.68000E+00  1.74000E+00
#           1.80000E+00  1.86000E+00  1.92000E+00  1.98000E+00  2.04000E+00
#           2.10000E+00  2.16000E+00  2.22000E+00  2.28000E+00  2.34000E+00
#           2.40000E+00  2.46000E+00  2.52000E+00  2.58000E+00  2.64000E+00
#           2.70000E+00  2.76000E+00  2.82000E+00  2.88000E+00  2.94000E+00
#           3.00000E+00  3.06000E+00  3.12000E+00  3.18000E+00  3.24000E+00
#           3.30000E+00  3.36000E+00  3.42000E+00  3.48000E+00  3.54000E+00
#           3.60000E+00  3.66000E+00  3.72000E+00  3.78000E+00  3.84000E+00
#           3.90000E+00  3.96000E+00  4.02000E+00  4.08000E+00  4.14000E+00
#           4.20000E+00  4.26000E+00  4.32000E+00  4.38000E+00  4.44000E+00
#           4.50000E+00  4.56000E+00  4.62000E+00  4.68000E+00  4.74000E+00
#           4.80000E+00  4.86000E+00  4.92000E+00  4.98000E+00  5.04000E+00
#           5.10000E+00  5.16000E+00  5.22000E+00  5.28000E+00  5.34000E+00
#           5.40000E+00  5.46000E+00  5.52000E+00  5.58000E+00  5.64000E+00
#           5.70000E+00  5.76000E+00  5.82000E+00  5.88000E+00  5.94000E+00
#           6.00000E+00  6.06000E+00  6.12000E+00  6.18000E+00  6.24000E+00
#           6.30000E+00  6.36000E+00  6.42000E+00  6.48000E+00  6.54000E+00
#           6.60000E+00  6.66000E+00  6.72000E+00  6.78000E+00  6.84000E+00
#           6.90000E+00  6.96000E+00  7.02000E+00  7.08000E+00  7.14000E+00
#           7.20000E+00  7.26000E+00  7.32000E+00  7.38000E+00  7.44000E+00
#           7.50000E+00  7.56000E+00  7.62000E+00  7.68000E+00  7.74000E+00
#           7.80000E+00  7.86000E+00  7.92000E+00  7.98000E+00  8.04000E+00
#           8.10000E+00  8.16000E+00  8.22000E+00  8.28000E+00  8.34000E+00
#           8.40000E+00  8.46000E+00  8.52000E+00  8.58000E+00  8.64000E+00
#           8.70000E+00  8.76000E+00  8.82000E+00  8.88000E+00  8.94000E+00
#           9.00000E+00  9.06000E+00  9.12000E+00  9.18000E+00  9.24000E+00
#           9.30000E+00  9.36000E+00  9.42000E+00  9.48000E+00  9.54000E+00
#           9.60000E+00  9.66000E+00  9.72000E+00  9.78000E+00  9.84000E+00
#           9.90000E+00  9.96000E+00  1.00200E+01  1.00800E+01  1.01400E+01
#           1.02000E+01  1.02600E+01  1.03200E+01  1.03800E+01  1.04400E+01
#           1.05000E+01  1.05600E+01  1.06200E+01  1.06800E+01  1.07400E+01
#           1.08000E+01  1.08600E+01  1.09200E+01  1.09800E+01  1.10400E+01
#           1.11000E+01  1.11600E+01  1.12200E+01  1.12800E+01  1.13400E+01
#           1.14000E+01  1.14600E+01  1.15200E+01  1.15800E+01  1.16400E+01
#           1.17000E+01  1.17600E+01  1.18200E+01  1.18800E+01  1.19400E+01
#           1.20000E+01
   y-type =    1            # y-mesh is given by the below data
       ny =      1          # number of y-mesh points
#    data = ( y(i), i = 1, ny + 1 )
            1.50000E+00  3.00000E+00
   z-type =    2            # z-mesh is linear given by zmin, zmax and nz
     zmin =  -1.000000      # minimum value of z-mesh points
     zmax =   2.000000      # maximum value of z-mesh points
#    zdel =  1.5000000E-02  # mesh width of z-mesh points
       nz =    200          # number of z-mesh points
#    data = ( z(i), i = 1, nz + 1 )
#          -1.00000E+00 -9.85000E-01 -9.70000E-01 -9.55000E-01 -9.40000E-01
#          -9.25000E-01 -9.10000E-01 -8.95000E-01 -8.80000E-01 -8.65000E-01
#          -8.50000E-01 -8.35000E-01 -8.20000E-01 -8.05000E-01 -7.90000E-01
#          -7.75000E-01 -7.60000E-01 -7.45000E-01 -7.30000E-01 -7.15000E-01
#          -7.00000E-01 -6.85000E-01 -6.70000E-01 -6.55000E-01 -6.40000E-01
#          -6.25000E-01 -6.10000E-01 -5.95000E-01 -5.80000E-01 -5.65000E-01
#          -5.50000E-01 -5.35000E-01 -5.20000E-01 -5.05000E-01 -4.90000E-01
#          -4.75000E-01 -4.60000E-01 -4.45000E-01 -4.30000E-01 -4.15000E-01
#          -4.00000E-01 -3.85000E-01 -3.70000E-01 -3.55000E-01 -3.40000E-01
#          -3.25000E-01 -3.10000E-01 -2.95000E-01 -2.80000E-01 -2.65000E-01
#          -2.50000E-01 -2.35000E-01 -2.20000E-01 -2.05000E-01 -1.90000E-01
#          -1.75000E-01 -1.60000E-01 -1.45000E-01 -1.30000E-01 -1.15000E-01
#          -1.00000E-01 -8.50000E-02 -7.00000E-02 -5.50000E-02 -4.00000E-02
#          -2.50000E-02 -1.00000E-02  5.00000E-03  2.00000E-02  3.50000E-02
#           5.00000E-02  6.50000E-02  8.00000E-02  9.50000E-02  1.10000E-01
#           1.25000E-01  1.40000E-01  1.55000E-01  1.70000E-01  1.85000E-01
#           2.00000E-01  2.15000E-01  2.30000E-01  2.45000E-01  2.60000E-01
#           2.75000E-01  2.90000E-01  3.05000E-01  3.20000E-01  3.35000E-01
#           3.50000E-01  3.65000E-01  3.80000E-01  3.95000E-01  4.10000E-01
#           4.25000E-01  4.40000E-01  4.55000E-01  4.70000E-01  4.85000E-01
#           5.00000E-01  5.15000E-01  5.30000E-01  5.45000E-01  5.60000E-01
#           5.75000E-01  5.90000E-01  6.05000E-01  6.20000E-01  6.35000E-01
#           6.50000E-01  6.65000E-01  6.80000E-01  6.95000E-01  7.10000E-01
#           7.25000E-01  7.40000E-01  7.55000E-01  7.70000E-01  7.85000E-01
#           8.00000E-01  8.15000E-01  8.30000E-01  8.45000E-01  8.60000E-01
#           8.75000E-01  8.90000E-01  9.05000E-01  9.20000E-01  9.35000E-01
#           9.50000E-01  9.65000E-01  9.80000E-01  9.95000E-01  1.01000E+00
#           1.02500E+00  1.04000E+00  1.05500E+00  1.07000E+00  1.08500E+00
#           1.10000E+00  1.11500E+00  1.13000E+00  1.14500E+00  1.16000E+00
#           1.17500E+00  1.19000E+00  1.20500E+00  1.22000E+00  1.23500E+00
#           1.25000E+00  1.26500E+00  1.28000E+00  1.29500E+00  1.31000E+00
#           1.32500E+00  1.34000E+00  1.35500E+00  1.37000E+00  1.38500E+00
#           1.40000E+00  1.41500E+00  1.43000E+00  1.44500E+00  1.46000E+00
#           1.47500E+00  1.49000E+00  1.50500E+00  1.52000E+00  1.53500E+00
#           1.55000E+00  1.56500E+00  1.58000E+00  1.59500E+00  1.61000E+00
#           1.62500E+00  1.64000E+00  1.65500E+00  1.67000E+00  1.68500E+00
#           1.70000E+00  1.71500E+00  1.73000E+00  1.74500E+00  1.76000E+00
#           1.77500E+00  1.79000E+00  1.80500E+00  1.82000E+00  1.83500E+00
#           1.85000E+00  1.86500E+00  1.88000E+00  1.89500E+00  1.91000E+00
#           1.92500E+00  1.94000E+00  1.95500E+00  1.97000E+00  1.98500E+00
#           2.00000E+00
   e-type =    1            # e-mesh is given by the below data
       ne =      1          # number of e-mesh points
#    data = ( e(i), i = 1, ne + 1 )
            0.00000E+00  1.00000E+03
     unit =    1            # unit is [1/cm^2/source]
 material =  all            # (D=all) number of specific material
  2D-type =    3            # 1:Cont, 2:Clust, 3:Color, 4:xyz, 5:mat, 6:Clust+Cont, 7:Col+Cont
     axis =      xz            # axis of output
     file = Aluminum_60KeV.out  # file name of output for the above axis
     part =  all      
# kf/name :  0        
    gshow =    3            # 0: no 1:bnd, 2:bnd+mat, 3:bnd+reg 4:bnd+lat 5:bmp style
    resol =    1            # (D=1) resolution of gshow or rshow
    width = 0.5000000       # (D=0.5) width of lines for gshow or rshow
   epsout =    1            # (D=0) generate eps file by ANGEL
#    used :        main (  %)        temp (  %)       total (  %)
#  memory :         410 (  0)           0 (  0)         410 (  0)

[ T-Deposit ]
    title = Energy deposition in reg mesh
     mesh =  reg            # mesh type is region-wise
      reg = 110
   volume                   # combined, lattice or level structure 
   non     reg      vol     # reg definition
    1      110   2.2500E-01 # 110
     unit =    1            # unit is [MeV/cm^3/source]
   letmat =    0            # (D=0) mat ID for LET, 0:real mat, <0: electron for H2O
  dedxfnc =    0            # (D=0) user defined multiplier, 0(no), 1, 2
 material =  all            # (D=all) number of specific material
   output =  dose           # total deposit energy
  deposit =    0            # (D=0) 0-> total deposit dist, 1-> each process
     axis =   reg           # axis of output
     file = Aluminum_60KeVCell110.out  # file name of output for the above axis
     part =  all      
# kf/name :  0        
    gshow =    1            # 0: no 1:bnd, 2:bnd+mat, 3:bnd+reg 4:bnd+lat 5:bmp style
    resol =    1            # (D=1) resolution of gshow or rshow
    width = 0.5000000       # (D=0.5) width of lines for gshow or rshow
   epsout =    1            # (D=0) generate eps file by ANGEL
#    used :        main (  %)        temp (  %)       total (  %)
#  memory :           7 (  0)           0 (  0)           7 (  0)

[ T-Deposit ]
    title = Energy deposition in reg mesh
     mesh =  reg            # mesh type is region-wise
      reg = 111
   volume                   # combined, lattice or level structure 
   non     reg      vol     # reg definition
    1      111   2.2500E-01 # 111
     unit =    1            # unit is [MeV/cm^3/source]
   letmat =    0            # (D=0) mat ID for LET, 0:real mat, <0: electron for H2O
  dedxfnc =    0            # (D=0) user defined multiplier, 0(no), 1, 2
 material =  all            # (D=all) number of specific material
   output =  dose           # total deposit energy
  deposit =    0            # (D=0) 0-> total deposit dist, 1-> each process
     axis =   reg           # axis of output
     file = Aluminum_60KeVCell111.out  # file name of output for the above axis
     part =  all      
# kf/name :  0        
    gshow =    1            # 0: no 1:bnd, 2:bnd+mat, 3:bnd+reg 4:bnd+lat 5:bmp style
    resol =    1            # (D=1) resolution of gshow or rshow
    width = 0.5000000       # (D=0.5) width of lines for gshow or rshow
   epsout =    1            # (D=0) generate eps file by ANGEL
#    used :        main (  %)        temp (  %)       total (  %)
#  memory :           7 (  0)           0 (  0)           7 (  0)

[ T-Deposit ]
    title = Energy deposition in reg mesh
     mesh =  reg            # mesh type is region-wise
      reg = 112
   volume                   # combined, lattice or level structure 
   non     reg      vol     # reg definition
    1      112   2.2500E-01 # 112
     unit =    1            # unit is [MeV/cm^3/source]
   letmat =    0            # (D=0) mat ID for LET, 0:real mat, <0: electron for H2O
  dedxfnc =    0            # (D=0) user defined multiplier, 0(no), 1, 2
 material =  all            # (D=all) number of specific material
   output =  dose           # total deposit energy
  deposit =    0            # (D=0) 0-> total deposit dist, 1-> each process
     axis =   reg           # axis of output
     file = Aluminum_60KeVCell112.out  # file name of output for the above axis
     part =  all      
# kf/name :  0        
    gshow =    1            # 0: no 1:bnd, 2:bnd+mat, 3:bnd+reg 4:bnd+lat 5:bmp style
    resol =    1            # (D=1) resolution of gshow or rshow
    width = 0.5000000       # (D=0.5) width of lines for gshow or rshow
   epsout =    1            # (D=0) generate eps file by ANGEL
#    used :        main (  %)        temp (  %)       total (  %)
#  memory :           7 (  0)           0 (  0)           7 (  0)

[ T-Deposit ]
    title = Energy deposition in reg mesh
     mesh =  reg            # mesh type is region-wise
      reg = 113
   volume                   # combined, lattice or level structure 
   non     reg      vol     # reg definition
    1      113   2.2500E-01 # 113
     unit =    1            # unit is [MeV/cm^3/source]
   letmat =    0            # (D=0) mat ID for LET, 0:real mat, <0: electron for H2O
  dedxfnc =    0            # (D=0) user defined multiplier, 0(no), 1, 2
 material =  all            # (D=all) number of specific material
   output =  dose           # total deposit energy
  deposit =    0            # (D=0) 0-> total deposit dist, 1-> each process
     axis =   reg           # axis of output
     file = Aluminum_60KeVCell113.out  # file name of output for the above axis
     part =  all      
# kf/name :  0        
    gshow =    1            # 0: no 1:bnd, 2:bnd+mat, 3:bnd+reg 4:bnd+lat 5:bmp style
    resol =    1            # (D=1) resolution of gshow or rshow
    width = 0.5000000       # (D=0.5) width of lines for gshow or rshow
   epsout =    1            # (D=0) generate eps file by ANGEL
#    used :        main (  %)        temp (  %)       total (  %)
#  memory :           7 (  0)           0 (  0)           7 (  0)

[ T-Deposit ]
    title = Energy deposition in reg mesh
     mesh =  reg            # mesh type is region-wise
      reg = 114
   volume                   # combined, lattice or level structure 
   non     reg      vol     # reg definition
    1      114   2.2500E-01 # 114
     unit =    1            # unit is [MeV/cm^3/source]
   letmat =    0            # (D=0) mat ID for LET, 0:real mat, <0: electron for H2O
  dedxfnc =    0            # (D=0) user defined multiplier, 0(no), 1, 2
 material =  all            # (D=all) number of specific material
   output =  dose           # total deposit energy
  deposit =    0            # (D=0) 0-> total deposit dist, 1-> each process
     axis =   reg           # axis of output
     file = Aluminum_60KeVCell114.out  # file name of output for the above axis
     part =  all      
# kf/name :  0        
    gshow =    1            # 0: no 1:bnd, 2:bnd+mat, 3:bnd+reg 4:bnd+lat 5:bmp style
    resol =    1            # (D=1) resolution of gshow or rshow
    width = 0.5000000       # (D=0.5) width of lines for gshow or rshow
   epsout =    1            # (D=0) generate eps file by ANGEL
#    used :        main (  %)        temp (  %)       total (  %)
#  memory :           7 (  0)           0 (  0)           7 (  0)

[ T-Deposit ]
    title = Energy deposition in reg mesh
     mesh =  reg            # mesh type is region-wise
      reg = 115
   volume                   # combined, lattice or level structure 
   non     reg      vol     # reg definition
    1      115   2.2500E-01 # 115
     unit =    1            # unit is [MeV/cm^3/source]
   letmat =    0            # (D=0) mat ID for LET, 0:real mat, <0: electron for H2O
  dedxfnc =    0            # (D=0) user defined multiplier, 0(no), 1, 2
 material =  all            # (D=all) number of specific material
   output =  dose           # total deposit energy
  deposit =    0            # (D=0) 0-> total deposit dist, 1-> each process
     axis =   reg           # axis of output
     file = Aluminum_60KeVCell115.out  # file name of output for the above axis
     part =  all      
# kf/name :  0        
    gshow =    1            # 0: no 1:bnd, 2:bnd+mat, 3:bnd+reg 4:bnd+lat 5:bmp style
    resol =    1            # (D=1) resolution of gshow or rshow
    width = 0.5000000       # (D=0.5) width of lines for gshow or rshow
   epsout =    1            # (D=0) generate eps file by ANGEL
#    used :        main (  %)        temp (  %)       total (  %)
#  memory :           7 (  0)           0 (  0)           7 (  0)

[ T-Deposit ]
    title = Energy deposition in reg mesh
     mesh =  reg            # mesh type is region-wise
      reg = 116
   volume                   # combined, lattice or level structure 
   non     reg      vol     # reg definition
    1      116   2.2500E-01 # 116
     unit =    1            # unit is [MeV/cm^3/source]
   letmat =    0            # (D=0) mat ID for LET, 0:real mat, <0: electron for H2O
  dedxfnc =    0            # (D=0) user defined multiplier, 0(no), 1, 2
 material =  all            # (D=all) number of specific material
   output =  dose           # total deposit energy
  deposit =    0            # (D=0) 0-> total deposit dist, 1-> each process
     axis =   reg           # axis of output
     file = Aluminum_60KeVCell116.out  # file name of output for the above axis
     part =  all      
# kf/name :  0        
    gshow =    1            # 0: no 1:bnd, 2:bnd+mat, 3:bnd+reg 4:bnd+lat 5:bmp style
    resol =    1            # (D=1) resolution of gshow or rshow
    width = 0.5000000       # (D=0.5) width of lines for gshow or rshow
   epsout =    1            # (D=0) generate eps file by ANGEL
#    used :        main (  %)        temp (  %)       total (  %)
#  memory :           7 (  0)           0 (  0)           7 (  0)

[ T-Deposit ]
    title = Energy deposition in reg mesh
     mesh =  reg            # mesh type is region-wise
      reg = 117
   volume                   # combined, lattice or level structure 
   non     reg      vol     # reg definition
    1      117   2.2500E-01 # 117
     unit =    1            # unit is [MeV/cm^3/source]
   letmat =    0            # (D=0) mat ID for LET, 0:real mat, <0: electron for H2O
  dedxfnc =    0            # (D=0) user defined multiplier, 0(no), 1, 2
 material =  all            # (D=all) number of specific material
   output =  dose           # total deposit energy
  deposit =    0            # (D=0) 0-> total deposit dist, 1-> each process
     axis =   reg           # axis of output
     file = Aluminum_60KeVCell117.out  # file name of output for the above axis
     part =  all      
# kf/name :  0        
    gshow =    1            # 0: no 1:bnd, 2:bnd+mat, 3:bnd+reg 4:bnd+lat 5:bmp style
    resol =    1            # (D=1) resolution of gshow or rshow
    width = 0.5000000       # (D=0.5) width of lines for gshow or rshow
   epsout =    1            # (D=0) generate eps file by ANGEL
#    used :        main (  %)        temp (  %)       total (  %)
#  memory :           7 (  0)           0 (  0)           7 (  0)

[ T-Deposit ]
    title = Energy deposition in reg mesh
     mesh =  reg            # mesh type is region-wise
      reg = 118
   volume                   # combined, lattice or level structure 
   non     reg      vol     # reg definition
    1      118   2.2500E-01 # 118
     unit =    1            # unit is [MeV/cm^3/source]
   letmat =    0            # (D=0) mat ID for LET, 0:real mat, <0: electron for H2O
  dedxfnc =    0            # (D=0) user defined multiplier, 0(no), 1, 2
 material =  all            # (D=all) number of specific material
   output =  dose           # total deposit energy
  deposit =    0            # (D=0) 0-> total deposit dist, 1-> each process
     axis =   reg           # axis of output
     file = Aluminum_60KeVCell118.out  # file name of output for the above axis
     part =  all      
# kf/name :  0        
    gshow =    1            # 0: no 1:bnd, 2:bnd+mat, 3:bnd+reg 4:bnd+lat 5:bmp style
    resol =    1            # (D=1) resolution of gshow or rshow
    width = 0.5000000       # (D=0.5) width of lines for gshow or rshow
   epsout =    1            # (D=0) generate eps file by ANGEL
#    used :        main (  %)        temp (  %)       total (  %)
#  memory :           7 (  0)           0 (  0)           7 (  0)

[ T-Deposit ]
    title = Energy deposition in reg mesh
     mesh =  reg            # mesh type is region-wise
      reg = 119
   volume                   # combined, lattice or level structure 
   non     reg      vol     # reg definition
    1      119   2.2500E-01 # 119
     unit =    1            # unit is [MeV/cm^3/source]
   letmat =    0            # (D=0) mat ID for LET, 0:real mat, <0: electron for H2O
  dedxfnc =    0            # (D=0) user defined multiplier, 0(no), 1, 2
 material =  all            # (D=all) number of specific material
   output =  dose           # total deposit energy
  deposit =    0            # (D=0) 0-> total deposit dist, 1-> each process
     axis =   reg           # axis of output
     file = Aluminum_60KeVCell119.out  # file name of output for the above axis
     part =  all      
# kf/name :  0        
    gshow =    1            # 0: no 1:bnd, 2:bnd+mat, 3:bnd+reg 4:bnd+lat 5:bmp style
    resol =    1            # (D=1) resolution of gshow or rshow
    width = 0.5000000       # (D=0.5) width of lines for gshow or rshow
   epsout =    1            # (D=0) generate eps file by ANGEL
#    used :        main (  %)        temp (  %)       total (  %)
#  memory :           7 (  0)           0 (  0)           7 (  0)

[ T-Deposit ]
    title = Energy deposition in reg mesh
     mesh =  reg            # mesh type is region-wise
      reg = 120
   volume                   # combined, lattice or level structure 
   non     reg      vol     # reg definition
    1      120   2.2500E-01 # 120
     unit =    1            # unit is [MeV/cm^3/source]
   letmat =    0            # (D=0) mat ID for LET, 0:real mat, <0: electron for H2O
  dedxfnc =    0            # (D=0) user defined multiplier, 0(no), 1, 2
 material =  all            # (D=all) number of specific material
   output =  dose           # total deposit energy
  deposit =    0            # (D=0) 0-> total deposit dist, 1-> each process
     axis =   reg           # axis of output
     file = Aluminum_60KeVCell120.out  # file name of output for the above axis
     part =  all      
# kf/name :  0        
    gshow =    1            # 0: no 1:bnd, 2:bnd+mat, 3:bnd+reg 4:bnd+lat 5:bmp style
    resol =    1            # (D=1) resolution of gshow or rshow
    width = 0.5000000       # (D=0.5) width of lines for gshow or rshow
   epsout =    1            # (D=0) generate eps file by ANGEL
#    used :        main (  %)        temp (  %)       total (  %)
#  memory :           7 (  0)           0 (  0)           7 (  0)

[ T-Deposit ]
    title = Energy deposition in reg mesh
     mesh =  reg            # mesh type is region-wise
      reg = 121
   volume                   # combined, lattice or level structure 
   non     reg      vol     # reg definition
    1      121   2.2500E-01 # 121
     unit =    1            # unit is [MeV/cm^3/source]
   letmat =    0            # (D=0) mat ID for LET, 0:real mat, <0: electron for H2O
  dedxfnc =    0            # (D=0) user defined multiplier, 0(no), 1, 2
 material =  all            # (D=all) number of specific material
   output =  dose           # total deposit energy
  deposit =    0            # (D=0) 0-> total deposit dist, 1-> each process
     axis =   reg           # axis of output
     file = Aluminum_60KeVCell121.out  # file name of output for the above axis
     part =  all      
# kf/name :  0        
    gshow =    1            # 0: no 1:bnd, 2:bnd+mat, 3:bnd+reg 4:bnd+lat 5:bmp style
    resol =    1            # (D=1) resolution of gshow or rshow
    width = 0.5000000       # (D=0.5) width of lines for gshow or rshow
   epsout =    1            # (D=0) generate eps file by ANGEL
#    used :        main (  %)        temp (  %)       total (  %)
#  memory :           7 (  0)           0 (  0)           7 (  0)

[ T-Deposit ]
    title = Energy deposition in reg mesh
     mesh =  reg            # mesh type is region-wise
      reg = 122
   volume                   # combined, lattice or level structure 
   non     reg      vol     # reg definition
    1      122   2.2500E-01 # 122
     unit =    1            # unit is [MeV/cm^3/source]
   letmat =    0            # (D=0) mat ID for LET, 0:real mat, <0: electron for H2O
  dedxfnc =    0            # (D=0) user defined multiplier, 0(no), 1, 2
 material =  all            # (D=all) number of specific material
   output =  dose           # total deposit energy
  deposit =    0            # (D=0) 0-> total deposit dist, 1-> each process
     axis =   reg           # axis of output
     file = Aluminum_60KeVCell122.out  # file name of output for the above axis
     part =  all      
# kf/name :  0        
    gshow =    1            # 0: no 1:bnd, 2:bnd+mat, 3:bnd+reg 4:bnd+lat 5:bmp style
    resol =    1            # (D=1) resolution of gshow or rshow
    width = 0.5000000       # (D=0.5) width of lines for gshow or rshow
   epsout =    1            # (D=0) generate eps file by ANGEL
#    used :        main (  %)        temp (  %)       total (  %)
#  memory :           7 (  0)           0 (  0)           7 (  0)

[ T-Deposit ]
    title = Energy deposition in reg mesh
     mesh =  reg            # mesh type is region-wise
      reg = 123
   volume                   # combined, lattice or level structure 
   non     reg      vol     # reg definition
    1      123   2.2500E-01 # 123
     unit =    1            # unit is [MeV/cm^3/source]
   letmat =    0            # (D=0) mat ID for LET, 0:real mat, <0: electron for H2O
  dedxfnc =    0            # (D=0) user defined multiplier, 0(no), 1, 2
 material =  all            # (D=all) number of specific material
   output =  dose           # total deposit energy
  deposit =    0            # (D=0) 0-> total deposit dist, 1-> each process
     axis =   reg           # axis of output
     file = Aluminum_60KeVCell123.out  # file name of output for the above axis
     part =  all      
# kf/name :  0        
    gshow =    1            # 0: no 1:bnd, 2:bnd+mat, 3:bnd+reg 4:bnd+lat 5:bmp style
    resol =    1            # (D=1) resolution of gshow or rshow
    width = 0.5000000       # (D=0.5) width of lines for gshow or rshow
   epsout =    1            # (D=0) generate eps file by ANGEL
#    used :        main (  %)        temp (  %)       total (  %)
#  memory :           7 (  0)           0 (  0)           7 (  0)

[ T-Deposit ]
    title = Energy deposition in reg mesh
     mesh =  reg            # mesh type is region-wise
      reg = 124
   volume                   # combined, lattice or level structure 
   non     reg      vol     # reg definition
    1      124   2.2500E-01 # 124
     unit =    1            # unit is [MeV/cm^3/source]
   letmat =    0            # (D=0) mat ID for LET, 0:real mat, <0: electron for H2O
  dedxfnc =    0            # (D=0) user defined multiplier, 0(no), 1, 2
 material =  all            # (D=all) number of specific material
   output =  dose           # total deposit energy
  deposit =    0            # (D=0) 0-> total deposit dist, 1-> each process
     axis =   reg           # axis of output
     file = Aluminum_60KeVCell124.out  # file name of output for the above axis
     part =  all      
# kf/name :  0        
    gshow =    1            # 0: no 1:bnd, 2:bnd+mat, 3:bnd+reg 4:bnd+lat 5:bmp style
    resol =    1            # (D=1) resolution of gshow or rshow
    width = 0.5000000       # (D=0.5) width of lines for gshow or rshow
   epsout =    1            # (D=0) generate eps file by ANGEL
#    used :        main (  %)        temp (  %)       total (  %)
#  memory :           7 (  0)           0 (  0)           7 (  0)

[ T-Deposit ]
    title = Energy deposition in reg mesh
     mesh =  reg            # mesh type is region-wise
      reg = 125
   volume                   # combined, lattice or level structure 
   non     reg      vol     # reg definition
    1      125   2.2500E-01 # 125
     unit =    1            # unit is [MeV/cm^3/source]
   letmat =    0            # (D=0) mat ID for LET, 0:real mat, <0: electron for H2O
  dedxfnc =    0            # (D=0) user defined multiplier, 0(no), 1, 2
 material =  all            # (D=all) number of specific material
   output =  dose           # total deposit energy
  deposit =    0            # (D=0) 0-> total deposit dist, 1-> each process
     axis =   reg           # axis of output
     file = Aluminum_60KeVCell125.out  # file name of output for the above axis
     part =  all      
# kf/name :  0        
    gshow =    1            # 0: no 1:bnd, 2:bnd+mat, 3:bnd+reg 4:bnd+lat 5:bmp style
    resol =    1            # (D=1) resolution of gshow or rshow
    width = 0.5000000       # (D=0.5) width of lines for gshow or rshow
   epsout =    1            # (D=0) generate eps file by ANGEL
#    used :        main (  %)        temp (  %)       total (  %)
#  memory :           7 (  0)           0 (  0)           7 (  0)

[END] of Input Echo <<<========================================================

<<< Report of real Geometry memory >>>
*           GG/CG memory =        2
*     total memory: mdas = 80000000
*                percent =     0.00 %

<<< Report of material memory for high energy>>>
*   high energy material =        1
*     total memory: mdas = 80000000
*                percent =     0.00 %

<<< Report of material memory for low energy>>>
*    low energy material =     1828
*     total memory: mdas = 80000000
*                percent =     0.00 %

<<< Report of real tally memory >>>
*      real tally memory =      522
*     total memory: mdas = 80000000
*                percent =     0.00 %

<<< Report of temporary tally memory >>>
* temporary tally memory =     1865
*     total memory: mdas = 80000000
*                percent =     0.00 %

<<< Report of total memory >>>
*      used total memory =     1866
*     total memory: mdas = 80000000
*                percent =     0.00 %
*                ---------------------

-------------------------------------------------------------------------------
bat[       1] ncas =        1000000.
 bitrseed = 0100001010011000001011101100011110011000110110100110010000000000
          cpu time =   1 m.  6.10 s.

-------------------------------------------------------------------------------
bat[       2] ncas =        2000000.
 bitrseed = 0101101000001110011101111011110101001001010001111010111000101101
          cpu time =   1 m.  5.08 s.

-------------------------------------------------------------------------------
bat[       3] ncas =        3000000.
 bitrseed = 0000111001110000100000000101110001100100110011010001011101101101
          cpu time =   1 m.  8.93 s.

-------------------------------------------------------------------------------
bat[       4] ncas =        4000000.
 bitrseed = 0001111010010101100111110011000000011100001100110000010100000010
          cpu time =   1 m.  3.40 s.

-------------------------------------------------------------------------------
bat[       5] ncas =        5000000.
 bitrseed = 1010101001111100000000100111110100111101110011001011111110101011
          cpu time =   1 m.  4.32 s.

-------------------------------------------------------------------------------
bat[       6] ncas =        6000000.
 bitrseed = 0110111011001101101010001011110101111001001101001110111111100011
          cpu time =   1 m.  6.02 s.

-------------------------------------------------------------------------------
bat[       7] ncas =        7000000.
 bitrseed = 1000001101001111111010001110011000000010111010110011001100011111
          cpu time =   1 m.  2.63 s.

-------------------------------------------------------------------------------
bat[       8] ncas =        8000000.
 bitrseed = 0100100110001011110001100101100111010001000111001110111010010011
          cpu time =   1 m.  5.55 s.

-------------------------------------------------------------------------------
bat[       9] ncas =        9000000.
 bitrseed = 0111100000001011101111000100001111010000101000001011011000101111
          cpu time =   1 m.  6.57 s.

-------------------------------------------------------------------------------
bat[      10] ncas =       10000000.
 bitrseed = 0110011101000010001011101011101101010010110110000011011000100001
          cpu time =   1 m.  7.02 s.

===============================================================================

 Summary for the end of job

-------------------------------------------------------------------------------
 number of analyz call vs ncol
-------------------------------------------------------------------------------
     ncol          number
        1              1.   : start of calculation            
        2              1.   : end of calculation              
        3             10.   : end of a batch                  
        4       10000000.   : source                          
        5              0.   : detection of geometry error/warn
        6              0.   : recovery from geometry warning  
        7              0.   : termination by geometry error   
        8              0.   : termination by weight cut-off   
        9              0.   : termination by time cut-off     
       10       37345893.   : geometry boundary crossing      
       11              0.   : termination by energy cut-off   
       12        8751260.   : termination by escape or leakage
       13        1248740.   : reaction : (n,x) type           
       14        2475331.   : reaction : (n,n'x) type         
       15              0.   : sequential transport for tally  

-------------------------------------------------------------------------------
 List of transport particles (not including source)
-------------------------------------------------------------------------------
     Name      kf-code        mass       charge   baryon
     photon         22          0.0         0       0

-------------------------------------------------------------------------------
 prod. particles       number        weight        weight per source
-------------------------------------------------------------------------------
     photon            41515.     4.1515000E+04     4.1515000E-03

-------------------------------------------------------------------------------
 stop. particles.    number        weight        weight per source
-------------------------------------------------------------------------------
     electron          41515.     4.1515000E+04     4.1515000E-03

-------------------------------------------------------------------------------
 leak. particles       number        weight        weight per source
-------------------------------------------------------------------------------
     photon          8751260.     8.7512600E+06     8.7512600E-01

-------------------------------------------------------------------------------
 source: maxcas    maxbch      irskip   average weight          total source
-------------------------------------------------------------------------------
     1000000          10           0    1.0000000E+00    1.0000000000000E+07

-------------------------------------------------------------------------------
 Geometry error summary
-------------------------------------------------------------------------------
 Number of lost particles     =     0 / nlost =       10
 Number of geometry recovering =     0
 Number of unrecovered errors =     0

-------------------------------------------------------------------------------
 initial random seed:
   bitrseed = 0100001010011000001011101100011110011000110110100110010000000000
 next initial random seed:
   bitrseed = 1000110000001000111111101100101001110101110010000011011101101000

-------------------------------------------------------------------------------
 job termination date : 2025/03/19
                 time :   10:53:01

-------------------------------------------------------------------------------
    CPU time and number of event called in PHITS
-------------------------------------------------------------------------------

                             sec
total cpu time =          658.52


                           count
      analysis =       59821234.  : data processing
         nevap =              0.  : evaporation
        dexgam =              0.  : de-excitation
         nreac =        3724071.  : atomic and nuclear reactions
         dklos =              0.  : particle decay
         hydro =              0.  : nucleon-nucleon scattering
        n-data =              0.  : neutron data library
        h-data =              0.  : p, d, a data library
        p-data =        3724071.  : photon data library
        e-data =              0.  : electron data library
        p-egs5 =              0.  : photon interaction with EGS5
        e-egs5 =              0.  : electron interaction with EGS5
      e-tsmode =              0.  : electron track structure mode
    ion-tsmode =              0.  : ion track structure mode
     photonucl =              0.  : photo-nuclear reaction
 photonucl lib =              0.  : photo-nuclear reaction with library
       mu-reac =              0.  : muon-induced nuclear reaction
       mu-brem =              0.  : muon-induced bremsstrahlung
       mu-pprd =              0.  : muon-induced pair production
        mu-cap =              0.  : muon capture in nucleus
         elast =              0.  : elastic scattering
         ncasc =              0.  : nuclear reaction model

       bertini =              0.  : Bertini model
        isobar =              0.  : isobar model
           JAM =              0.  : JAM model
           QMD =              0.  : JQMD model
        JAMQMD =              0.  : JAMQMD model
          INCL =              0.  : INCL model
        INCELF =              0.  : INCELF model
     frag data =              0.  : user defined cross section
       SCINFUL =              0.  : SCINFUL mode

>>> Citation Request >>>=======================================================

 This execution uses model(s) that must be explicitly cited in addition to
 the PHITS original document: T.Sato et al., J.Nucl.Sci.Technol.61, 127-135 (2024).
 Please refer the following document(s) in your publication using this result

 The KUROTAMA model:
    K. Iida, A. Kohama, and K. Oyamatsu, J. Phys. Soc. Japan 76, 044201 (2007).

 END 
